2017-07-10 21:08:01.718 [main] DEBUG c.a.i.com.tasfe.framework.crud.dao.RdbCrudDao._get - ==>  Preparing: select id , userId , deptId , userName , password , mobilePhone , officePhone , email , job , orderId , status from t_user where id = ? 
2017-07-10 21:08:01.741 [main] DEBUG c.a.i.com.tasfe.framework.crud.dao.RdbCrudDao._get - ==> Parameters: 1(Long)
2017-07-10 21:08:01.757 [main] DEBUG c.a.i.com.tasfe.framework.crud.dao.RdbCrudDao._get - <==      Total: 1
2017-07-10 21:08:13.733 [main] DEBUG c.a.i.c.tasfe.framework.crud.dao.RdbCrudDao._gets - ==>  Preparing: select id , userId , deptId , userName , password , mobilePhone , officePhone , email , job , orderId , status from t_user 
2017-07-10 21:08:13.734 [main] DEBUG c.a.i.c.tasfe.framework.crud.dao.RdbCrudDao._gets - ==> Parameters: 
2017-07-10 21:08:13.740 [main] DEBUG c.a.i.c.tasfe.framework.crud.dao.RdbCrudDao._gets - <==      Total: 24
2017-07-10 21:09:57.242 [main] DEBUG c.a.i.com.tasfe.framework.crud.dao.RdbCrudDao._get - ==>  Preparing: select id , userId , deptId , userName , password , mobilePhone , officePhone , email , job , orderId , status from t_user where id = ? 
2017-07-10 21:09:57.263 [main] DEBUG c.a.i.com.tasfe.framework.crud.dao.RdbCrudDao._get - ==> Parameters: 1(Long)
2017-07-10 21:09:57.283 [main] DEBUG c.a.i.com.tasfe.framework.crud.dao.RdbCrudDao._get - <==      Total: 1
2017-07-10 21:10:44.870 [main] DEBUG c.a.i.c.tasfe.framework.crud.dao.RdbCrudDao._gets - ==>  Preparing: select id , userId , deptId , userName , password , mobilePhone , officePhone , email , job , orderId , status from t_user 
2017-07-10 21:10:44.872 [main] DEBUG c.a.i.c.tasfe.framework.crud.dao.RdbCrudDao._gets - ==> Parameters: 
2017-07-10 21:10:44.897 [main] DEBUG c.a.i.c.tasfe.framework.crud.dao.RdbCrudDao._gets - <==      Total: 24
2017-07-10 21:24:34.644 [main] DEBUG c.a.i.com.tasfe.framework.crud.dao.RdbCrudDao._in - ==>  Preparing: insert into t_user ( userId , deptId , mobilePhone , email , orderId ) values ( ? , ? , ? , ? , ? ) 
2017-07-10 21:24:34.666 [main] DEBUG c.a.i.com.tasfe.framework.crud.dao.RdbCrudDao._in - ==> Parameters: 150594010(String), 1(String), 15801818092(String), lait.zhang@gmail.com(String), 1276847077(String)
2017-07-10 21:24:34.767 [main] DEBUG c.a.i.com.tasfe.framework.crud.dao.RdbCrudDao._in - <==    Updates: 1
2017-07-10 21:24:34.769 [main] DEBUG c.a.i.com.tasfe.framework.crud.dao.RdbCrudDao._in - ==>  Preparing: insert into t_user ( userId , deptId , mobilePhone , email , orderId ) values ( ? , ? , ? , ? , ? ) 
2017-07-10 21:24:34.770 [main] DEBUG c.a.i.com.tasfe.framework.crud.dao.RdbCrudDao._in - ==> Parameters: 150594010(String), 1(String), 15801818092(String), lait.zhang@gmail.com(String), 1276847077(String)
2017-07-10 21:24:34.804 [main] DEBUG c.a.i.com.tasfe.framework.crud.dao.RdbCrudDao._in - <==    Updates: 1
2017-07-10 21:24:34.814 [main] DEBUG c.a.i.com.tasfe.framework.crud.dao.RdbCrudDao._ins - ==>  Preparing: insert into t_user ( id , userId , deptId , userName , password , mobilePhone , officePhone , email , job , orderId , status ) values ( ? , ? , ? , ? , ? , ? , ? , ? , ? , ? , ? ) , ( ? , ? , ? , ? , ? , ? , ? , ? , ? , ? , ? ) , ( ? , ? , ? , ? , ? , ? , ? , ? , ? , ? , ? ) , ( ? , ? , ? , ? , ? , ? , ? , ? , ? , ? , ? ) , ( ? , ? , ? , ? , ? , ? , ? , ? , ? , ? , ? ) , ( ? , ? , ? , ? , ? , ? , ? , ? , ? , ? , ? ) , ( ? , ? , ? , ? , ? , ? , ? , ? , ? , ? , ? ) , ( ? , ? , ? , ? , ? , ? , ? , ? , ? , ? , ? ) , ( ? , ? , ? , ? , ? , ? , ? , ? , ? , ? , ? ) , ( ? , ? , ? , ? , ? , ? , ? , ? , ? , ? , ? ) 
2017-07-10 21:24:34.818 [main] DEBUG c.a.i.com.tasfe.framework.crud.dao.RdbCrudDao._ins - ==> Parameters: null, -1219108327(String), 1(String), null, null, 15801818092(String), null, lait.zhang@gmail.com(String), null, 121217634(String), null, null, -718484074(String), 1(String), null, null, 15801818092(String), null, lait.zhang@gmail.com(String), null, -523292574(String), null, null, -936227989(String), 1(String), null, null, 15801818092(String), null, lait.zhang@gmail.com(String), null, 30723944(String), null, null, -936276385(String), 1(String), null, null, 15801818092(String), null, lait.zhang@gmail.com(String), null, -1638199862(String), null, null, -234414624(String), 1(String), null, null, 15801818092(String), null, lait.zhang@gmail.com(String), null, 402629848(String), null, null, 1831975712(String), 1(String), null, null, 15801818092(String), null, lait.zhang@gmail.com(String), null, -571943061(String), null, null, -1474172848(String), 1(String), null, null, 15801818092(String), null, lait.zhang@gmail.com(String), null, 2107749007(String), null, null, -1310109332(String), 1(String), null, null, 15801818092(String), null, lait.zhang@gmail.com(String), null, 256748191(String), null, null, 23761454(String), 1(String), null, null, 15801818092(String), null, lait.zhang@gmail.com(String), null, -1303145780(String), null, null, 1818828365(String), 1(String), null, null, 15801818092(String), null, lait.zhang@gmail.com(String), null, 284377914(String), null
2017-07-10 21:24:34.851 [main] DEBUG c.a.i.com.tasfe.framework.crud.dao.RdbCrudDao._ins - <==    Updates: 10
2017-07-10 21:24:34.857 [main] DEBUG c.a.i.com.tasfe.framework.crud.dao.RdbCrudDao._ins - ==>  Preparing: insert into t_user ( id , userId , deptId , userName , password , mobilePhone , officePhone , email , job , orderId , status ) values ( ? , ? , ? , ? , ? , ? , ? , ? , ? , ? , ? ) , ( ? , ? , ? , ? , ? , ? , ? , ? , ? , ? , ? ) , ( ? , ? , ? , ? , ? , ? , ? , ? , ? , ? , ? ) , ( ? , ? , ? , ? , ? , ? , ? , ? , ? , ? , ? ) , ( ? , ? , ? , ? , ? , ? , ? , ? , ? , ? , ? ) , ( ? , ? , ? , ? , ? , ? , ? , ? , ? , ? , ? ) , ( ? , ? , ? , ? , ? , ? , ? , ? , ? , ? , ? ) , ( ? , ? , ? , ? , ? , ? , ? , ? , ? , ? , ? ) , ( ? , ? , ? , ? , ? , ? , ? , ? , ? , ? , ? ) , ( ? , ? , ? , ? , ? , ? , ? , ? , ? , ? , ? ) 
2017-07-10 21:24:34.860 [main] DEBUG c.a.i.com.tasfe.framework.crud.dao.RdbCrudDao._ins - ==> Parameters: null, -1219108327(String), 1(String), null, null, 15801818092(String), null, lait.zhang@gmail.com(String), null, 121217634(String), null, null, -718484074(String), 1(String), null, null, 15801818092(String), null, lait.zhang@gmail.com(String), null, -523292574(String), null, null, -936227989(String), 1(String), null, null, 15801818092(String), null, lait.zhang@gmail.com(String), null, 30723944(String), null, null, -936276385(String), 1(String), null, null, 15801818092(String), null, lait.zhang@gmail.com(String), null, -1638199862(String), null, null, -234414624(String), 1(String), null, null, 15801818092(String), null, lait.zhang@gmail.com(String), null, 402629848(String), null, null, 1831975712(String), 1(String), null, null, 15801818092(String), null, lait.zhang@gmail.com(String), null, -571943061(String), null, null, -1474172848(String), 1(String), null, null, 15801818092(String), null, lait.zhang@gmail.com(String), null, 2107749007(String), null, null, -1310109332(String), 1(String), null, null, 15801818092(String), null, lait.zhang@gmail.com(String), null, 256748191(String), null, null, 23761454(String), 1(String), null, null, 15801818092(String), null, lait.zhang@gmail.com(String), null, -1303145780(String), null, null, 1818828365(String), 1(String), null, null, 15801818092(String), null, lait.zhang@gmail.com(String), null, 284377914(String), null
2017-07-10 21:24:34.887 [main] DEBUG c.a.i.com.tasfe.framework.crud.dao.RdbCrudDao._ins - <==    Updates: 10
2017-07-10 21:26:37.778 [main] DEBUG c.a.i.com.tasfe.framework.crud.dao.RdbCrudDao._get - ==>  Preparing: select id , userId , deptId , userName , password , mobilePhone , officePhone , email , job , orderId , status from t_user where id = ? 
2017-07-10 21:26:37.798 [main] DEBUG c.a.i.com.tasfe.framework.crud.dao.RdbCrudDao._get - ==> Parameters: 1(Long)
2017-07-10 21:26:37.812 [main] DEBUG c.a.i.com.tasfe.framework.crud.dao.RdbCrudDao._get - <==      Total: 0
2017-07-10 21:26:37.834 [main] DEBUG c.a.i.c.tasfe.framework.crud.dao.RdbCrudDao._gets - ==>  Preparing: select id , userId , deptId , userName , password , mobilePhone , officePhone , email , job , orderId , status from t_user 
2017-07-10 21:26:37.834 [main] DEBUG c.a.i.c.tasfe.framework.crud.dao.RdbCrudDao._gets - ==> Parameters: 
2017-07-10 21:26:37.842 [main] DEBUG c.a.i.c.tasfe.framework.crud.dao.RdbCrudDao._gets - <==      Total: 22
2017-07-10 21:27:14.504 [main] DEBUG c.a.i.com.tasfe.framework.crud.dao.RdbCrudDao._get - ==>  Preparing: select id , userId , deptId , userName , password , mobilePhone , officePhone , email , job , orderId , status from t_user where id = ? 
2017-07-10 21:27:14.527 [main] DEBUG c.a.i.com.tasfe.framework.crud.dao.RdbCrudDao._get - ==> Parameters: 25(Long)
2017-07-10 21:27:14.541 [main] DEBUG c.a.i.com.tasfe.framework.crud.dao.RdbCrudDao._get - <==      Total: 1
2017-07-10 21:27:14.566 [main] DEBUG c.a.i.c.tasfe.framework.crud.dao.RdbCrudDao._gets - ==>  Preparing: select id , userId , deptId , userName , password , mobilePhone , officePhone , email , job , orderId , status from t_user 
2017-07-10 21:27:14.567 [main] DEBUG c.a.i.c.tasfe.framework.crud.dao.RdbCrudDao._gets - ==> Parameters: 
2017-07-10 21:27:14.571 [main] DEBUG c.a.i.c.tasfe.framework.crud.dao.RdbCrudDao._gets - <==      Total: 22
2017-07-10 21:31:16.292 [main] DEBUG c.a.i.com.tasfe.framework.crud.dao.RdbCrudDao._in - ==>  Preparing: insert into t_member ( email ) values ( ? ) 
2017-07-10 21:31:16.311 [main] DEBUG c.a.i.com.tasfe.framework.crud.dao.RdbCrudDao._in - ==> Parameters: lait(String)
2017-07-10 21:32:26.056 [main] DEBUG c.a.i.com.tasfe.framework.crud.dao.RdbCrudDao._in - ==>  Preparing: insert into t_member ( userId , deptId , email , orderId ) values ( ? , ? , ? , ? ) 
2017-07-10 21:32:26.078 [main] DEBUG c.a.i.com.tasfe.framework.crud.dao.RdbCrudDao._in - ==> Parameters: 1(String), 1(String), lait(String), 111(String)
2017-07-10 21:32:26.111 [main] DEBUG c.a.i.com.tasfe.framework.crud.dao.RdbCrudDao._in - <==    Updates: 1
