2017-07-11 17:04:28.995 [main] DEBUG c.a.i.c.t.framework.crud.mysql.dao.RdbCrudDao._in - ==>  Preparing: insert into t_user ( userId , deptId , mobilePhone , email , orderId ) values ( ? , ? , ? , ? , ? ) 
2017-07-11 17:04:29.015 [main] DEBUG c.a.i.c.t.framework.crud.mysql.dao.RdbCrudDao._in - ==> Parameters: -881650759(String), 1(String), 15801818092(String), lait.zhang@gmail.com(String), 860751379(String)
2017-07-11 17:04:29.062 [main] DEBUG c.a.i.c.t.framework.crud.mysql.dao.RdbCrudDao._in - <==    Updates: 1
2017-07-11 17:04:58.499 [main] DEBUG c.a.i.c.t.framework.crud.mysql.dao.RdbCrudDao._in - ==>  Preparing: insert into t_user ( userId , deptId , mobilePhone , email , orderId ) values ( ? , ? , ? , ? , ? ) 
2017-07-11 17:04:58.522 [main] DEBUG c.a.i.c.t.framework.crud.mysql.dao.RdbCrudDao._in - ==> Parameters: -19394145(String), 1(String), 15801818092(String), lait.zhang@gmail.com(String), -1042628376(String)
2017-07-11 17:04:58.565 [main] DEBUG c.a.i.c.t.framework.crud.mysql.dao.RdbCrudDao._in - <==    Updates: 1
2017-07-11 17:04:58.575 [main] DEBUG c.a.i.c.t.framework.crud.mysql.dao.RdbCrudDao._ins - ==>  Preparing: insert into t_user ( id , userId , deptId , userName , password , mobilePhone , officePhone , email , job , orderId , status ) values ( ? , ? , ? , ? , ? , ? , ? , ? , ? , ? , ? ) , ( ? , ? , ? , ? , ? , ? , ? , ? , ? , ? , ? ) , ( ? , ? , ? , ? , ? , ? , ? , ? , ? , ? , ? ) , ( ? , ? , ? , ? , ? , ? , ? , ? , ? , ? , ? ) , ( ? , ? , ? , ? , ? , ? , ? , ? , ? , ? , ? ) , ( ? , ? , ? , ? , ? , ? , ? , ? , ? , ? , ? ) , ( ? , ? , ? , ? , ? , ? , ? , ? , ? , ? , ? ) , ( ? , ? , ? , ? , ? , ? , ? , ? , ? , ? , ? ) , ( ? , ? , ? , ? , ? , ? , ? , ? , ? , ? , ? ) , ( ? , ? , ? , ? , ? , ? , ? , ? , ? , ? , ? ) 
2017-07-11 17:04:58.581 [main] DEBUG c.a.i.c.t.framework.crud.mysql.dao.RdbCrudDao._ins - ==> Parameters: null, 1073096230(String), 1(String), null, null, 15801818092(String), null, lait.zhang@gmail.com(String), null, -850356344(String), null, null, 1844549849(String), 1(String), null, null, 15801818092(String), null, lait.zhang@gmail.com(String), null, 138761919(String), null, null, 642064231(String), 1(String), null, null, 15801818092(String), null, lait.zhang@gmail.com(String), null, 717480812(String), null, null, -1892244906(String), 1(String), null, null, 15801818092(String), null, lait.zhang@gmail.com(String), null, 1485331165(String), null, null, -1074850230(String), 1(String), null, null, 15801818092(String), null, lait.zhang@gmail.com(String), null, -193196129(String), null, null, 2005144725(String), 1(String), null, null, 15801818092(String), null, lait.zhang@gmail.com(String), null, -1531209008(String), null, null, -572902774(String), 1(String), null, null, 15801818092(String), null, lait.zhang@gmail.com(String), null, -370323784(String), null, null, -2119934906(String), 1(String), null, null, 15801818092(String), null, lait.zhang@gmail.com(String), null, -243900952(String), null, null, -824429056(String), 1(String), null, null, 15801818092(String), null, lait.zhang@gmail.com(String), null, 1317744006(String), null, null, 913866512(String), 1(String), null, null, 15801818092(String), null, lait.zhang@gmail.com(String), null, 1502314842(String), null
2017-07-11 17:04:58.612 [main] DEBUG c.a.i.c.t.framework.crud.mysql.dao.RdbCrudDao._ins - <==    Updates: 10
2017-07-11 17:04:58.614 [main] DEBUG c.a.i.c.t.framework.crud.mysql.dao.RdbCrudDao._in - ==>  Preparing: insert into t_member ( userId , deptId , email , orderId ) values ( ? , ? , ? , ? ) 
2017-07-11 17:04:58.614 [main] DEBUG c.a.i.c.t.framework.crud.mysql.dao.RdbCrudDao._in - ==> Parameters: 1(String), 1(String), lait(String), 111(String)
2017-07-11 17:04:58.699 [main] DEBUG c.a.i.c.t.framework.crud.mysql.dao.RdbCrudDao._in - <==    Updates: 1
2017-07-11 17:41:09.087 [main] DEBUG c.a.i.c.t.f.crud.test.mysql.dao.UserMapper.getUser - ==>  Preparing: select * from t_user WHERE id=? 
2017-07-11 17:41:09.302 [main] DEBUG c.a.i.c.t.f.crud.test.mysql.dao.UserMapper.getUser - ==> Parameters: 1(Long)
2017-07-11 17:41:09.449 [main] DEBUG c.a.i.c.t.f.crud.test.mysql.dao.UserMapper.getUser - <==      Total: 0
2017-07-11 17:41:27.795 [main] DEBUG c.a.i.c.t.f.crud.mysql.dao.RdbCrudDao._gets - ==>  Preparing: select id , userId , deptId , userName , password , mobilePhone , officePhone , email , job , orderId , status from t_user 
2017-07-11 17:41:27.796 [main] DEBUG c.a.i.c.t.f.crud.mysql.dao.RdbCrudDao._gets - ==> Parameters: 
2017-07-11 17:41:27.810 [main] DEBUG c.a.i.c.t.f.crud.mysql.dao.RdbCrudDao._gets - <==      Total: 34
2017-07-11 17:41:43.742 [main] DEBUG c.a.i.c.t.f.crud.test.mysql.dao.UserMapper.getUser - ==>  Preparing: select * from t_user WHERE id=? 
2017-07-11 17:41:43.762 [main] DEBUG c.a.i.c.t.f.crud.test.mysql.dao.UserMapper.getUser - ==> Parameters: 1(Long)
2017-07-11 17:41:43.774 [main] DEBUG c.a.i.c.t.f.crud.test.mysql.dao.UserMapper.getUser - <==      Total: 0
2017-07-11 17:42:20.534 [main] DEBUG c.a.i.c.t.f.crud.test.mysql.dao.UserMapper.getUser - ==>  Preparing: select * from t_user WHERE id=? 
2017-07-11 17:42:20.556 [main] DEBUG c.a.i.c.t.f.crud.test.mysql.dao.UserMapper.getUser - ==> Parameters: 25(Long)
2017-07-11 17:42:20.580 [main] DEBUG c.a.i.c.t.f.crud.test.mysql.dao.UserMapper.getUser - <==      Total: 1
2017-07-11 17:42:48.516 [main] DEBUG c.a.i.c.t.f.crud.mysql.dao.RdbCrudDao._gets - ==>  Preparing: select id , userId , deptId , userName , password , mobilePhone , officePhone , email , job , orderId , status from t_user 
2017-07-11 17:42:48.517 [main] DEBUG c.a.i.c.t.f.crud.mysql.dao.RdbCrudDao._gets - ==> Parameters: 
2017-07-11 17:42:48.527 [main] DEBUG c.a.i.c.t.f.crud.mysql.dao.RdbCrudDao._gets - <==      Total: 34
